Otimizando parâmetros
Otimizando parâmetros
     Compra_preco   Venda_preco    Montante  Variação (%)               Motivo
0    58764.375877           NaN  100.000000           NaN               Compra
1    58764.375877  58752.623001   99.620072     -0.379928  Venda por stop loss
2    58170.807453           NaN   99.620072           NaN               Compra
3    58170.807453  60905.436953  103.927754      4.324110      Venda por lucro
4    61244.339812           NaN  103.927754           NaN               Compra
..            ...           ...         ...           ...                  ...
113  69204.367862  69190.526989  106.953206     -0.379928  Venda por stop loss
114  69395.011020           NaN  106.953206           NaN               Compra
115  69395.011020  69381.132018  106.546860     -0.379928  Venda por stop loss
116  69947.806051           NaN  106.546860           NaN               Compra
117  69947.806051  69933.816490  106.142059     -0.379928  Venda por stop loss

[118 rows x 5 columns]
Melhores parêmtros: {'par': 'BTC-USDT', 'ciclo': '4H', 'lucro_alvo': 0.0062499999999999995, 'stop_loss': 0.0002, 'margem_seguranca': -0.03} 
 Retorno de 6.14%
Resultados de desempenho atualizados e salvos.
Preço atual de mercado: 68350.0 

Valorizacao potencial: -0.016056226891449282
Preço atual de mercado: 68368.0 

Valorizacao potencial: -0.016315280658064518
Preço atual de mercado: 68238.6 

Valorizacao potencial: -0.014449931681344074
Preço atual de mercado: 68391.6 

Valorizacao potencial: -0.01665472233476866
Preço atual de mercado: 68399.1 

Valorizacao potencial: -0.016762546700622747
Preço atual de mercado: 68419.9 

Valorizacao potencial: -0.01706145592189632
Preço atual de mercado: 68419.9 

Valorizacao potencial: -0.01706145592189632
Preço atual de mercado: 68439.9 

Valorizacao potencial: -0.017348697295445508
Preço atual de mercado: 68410.1 

Valorizacao potencial: -0.01692064633775656
Preço atual de mercado: 68418.2 

Valorizacao potencial: -0.01703703266134675
Preço atual de mercado: 68414.0 

Valorizacao potencial: -0.016976687637480028
Preço atual de mercado: 68413.9 

Valorizacao potencial: -0.01697525076089143
Preço atual de mercado: 68404.0 

Valorizacao potencial: -0.016832979182950736
Preço atual de mercado: 68378.8 

Valorizacao potencial: -0.01647064745258123
Preço atual de mercado: 68366.0 

Valorizacao potencial: -0.016286503642608294
Preço atual de mercado: 68375.8 

Valorizacao potencial: -0.01642749493286465
Preço atual de mercado: 68368.0 

Valorizacao potencial: -0.016315280658064518
Preço atual de mercado: 68338.0 

Valorizacao potencial: -0.01588344856493555
Preço atual de mercado: 68334.6 

Valorizacao potencial: -0.015834483673432872
Preço atual de mercado: 68337.3 

Valorizacao potencial: -0.015873367956161042
Preço atual de mercado: 68337.8 

Valorizacao potencial: -0.015880568412073012
Preço atual de mercado: 68353.8 

Valorizacao potencial: -0.016110927381221867
Preço atual de mercado: 68367.0 

Valorizacao potencial: -0.016300892360796244
Preço atual de mercado: 68388.0 

Valorizacao potencial: -0.016602958238734315
Preço atual de mercado: 68396.0 

Valorizacao potencial: -0.016717982163146416
Preço atual de mercado: 68405.9 

Valorizacao potencial: -0.01686028702247248
Preço atual de mercado: 68415.8 

Valorizacao potencial: -0.017002550697800316
Preço atual de mercado: 68400.0 

Valorizacao potencial: -0.01677548403553443
Preço atual de mercado: 68379.8 

Valorizacao potencial: -0.016485030784391876
Preço atual de mercado: 68055.8 

Valorizacao potencial: -0.011802713479682347
Preço atual de mercado: 68392.4 

Valorizacao potencial: -0.016666224727170855
Preço atual de mercado: 68400.1 

Valorizacao potencial: -0.016776921496175642
Preço atual de mercado: 68408.0 

Valorizacao potencial: -0.0168904676065746
Preço atual de mercado: 68380.8 

Valorizacao potencial: -0.016499413695519178
Preço atual de mercado: 68380.8 

Valorizacao potencial: -0.016499413695519178
Preço atual de mercado: 68370.0 

Valorizacao potencial: -0.016344055989916128
Preço atual de mercado: 68368.0 

Valorizacao potencial: -0.016315280658064518
Preço atual de mercado: 68330.0 

Valorizacao potencial: -0.015768229299437518
Preço atual de mercado: 68339.8 

Valorizacao potencial: -0.015909369182095345
Preço atual de mercado: 68310.0 

Valorizacao potencial: -0.015480063065884328
Preço atual de mercado: 68283.8 

Valorizacao potencial: -0.015102309889469529
Preço atual de mercado: 68298.0 

Valorizacao potencial: -0.015307082316181522
Preço atual de mercado: 68304.0 

Valorizacao potencial: -0.015393580288571018
